<?xml version="1.0" encoding="utf-8"?><testsuites name="pytest tests"><testsuite name="pytest" errors="0" failures="0" skipped="0" tests="20" time="1.662" timestamp="2025-09-09T21:54:12.332433+02:00" hostname="delly"><testcase classname="liveticker.tests.api.test_views.TestLivetickerAPIView" name="test_get_all_livetickers_only_scheduled" time="0.549" /><testcase classname="liveticker.tests.api.test_views.TestLivetickerAPIView" name="test_no_liveticker_found" time="0.007" /><testcase classname="liveticker.tests.service.test_liveticker_service.TestLivetickerService" name="test_get_all_livetickers_for_specific_gameday" time="0.142" /><testcase classname="liveticker.tests.service.test_liveticker_service.TestLivetickerService" name="test_get_all_livetickers_with_games_already_playing" time="0.050" /><testcase classname="liveticker.tests.service.test_liveticker_service.TestLivetickerService" name="test_get_livetickers_for_last_done_and_coming_up_games" time="0.052" /><testcase classname="liveticker.tests.service.test_liveticker_service.TestLivetickerService" name="test_get_livetickers_for_league" time="0.046" /><testcase classname="liveticker.tests.service.test_liveticker_service.TestLivetickerService" name="test_liveticker_get_all_ticks" time="0.060" /><testcase classname="liveticker.tests.service.test_liveticker_service.TestLivetickerService" name="test_liveticker_get_default_5_ticks" time="0.063" /><testcase classname="liveticker.tests.service.test_liveticker_service.TestLivetickerService" name="test_liveticker_init_correct" time="0.046" /><testcase classname="liveticker.tests.service.test_liveticker_service.TestLivetickerService" name="test_no_liveticker_available" time="0.016" /><testcase classname="liveticker.tests.api.test_serializers.TestTeamlogSerializer" name="test_default_works" time="0.002" /><testcase classname="liveticker.tests.api.test_serializers.TestTeamlogSerializer" name="test_team_is_none" time="0.001" /><testcase classname="liveticker.tests.api.test_serializers.TestTeamlogSerializer" name="test_get_text_for_pat" time="0.001" /><testcase classname="liveticker.tests.api.test_serializers.TestTeamlogSerializer" name="test_get_text_for_timeout" time="0.001" /><testcase classname="liveticker.tests.api.test_serializers.TestTeamlogSerializer" name="test_get_text_for_incomplete_pat" time="0.001" /><testcase classname="liveticker.tests.api.test_serializers.TestTeamlogSerializer" name="test_get_text_for_safety" time="0.001" /><testcase classname="liveticker.tests.api.test_serializers.TestTeamlogSerializer" name="test_get_text_for_turnover" time="0.001" /><testcase classname="liveticker.tests.api.test_serializers.TestTeamlogSerializer" name="test_is_home_or_way_in_possession" time="0.001" /><testcase classname="liveticker.tests.api.test_serializers.TestLivetickerSerializer" name="test_game_with_no_team_logs" time="0.001" /><testcase classname="liveticker.tests.api.test_serializers.TestLivetickerSerializer" name="test_game_with_game_started_time" time="0.002" /></testsuite></testsuites>